---------------------------------------------------------------------------------------------------------------------------------------------------------------------
      name:  <unnamed>
       log:  D:\2020 Fall\ECO375\A2\A2_log.log
  log type:  text
 opened on:  18 Dec 2020, 01:10:00

. 
. * Load data (panel data)
. use Ayres, clear

. 
. * Define panel data
. tsset stateid year
       panel variable:  stateid (strongly balanced)
        time variable:  year, 77 to 99
                delta:  1 unit

. 
. * Define the log of the violent crime rate
. gen lnvio = ln(vio)

. 
. * Table 1
. summarize

    Variable |        Obs        Mean    Std. Dev.       Min        Max
-------------+---------------------------------------------------------
        year |      1,173          88    6.636079         77         99
         vio |      1,173    503.0747    334.2772         47     2921.8
         mur |      1,173    7.665132     7.52271         .2       80.6
         rob |      1,173    161.8202      170.51        6.4     1635.1
 incarc_rate |      1,173    226.5797    178.8881         19       1913
-------------+---------------------------------------------------------
      pb1064 |      1,173    5.336217    4.885688   .2482066   26.97957
      pw1064 |      1,173    62.94543    9.761527   21.78043   76.52575
      pm1029 |      1,173    16.08113    1.732143   12.21368   22.35269
         pop |      1,173    4.816341    5.252115    .402753   33.14512
      avginc |      1,173     13.7248    2.554543   8.554884   23.64671
-------------+---------------------------------------------------------
     density |      1,173    .3520382    1.355472   .0007071   11.10212
     stateid |      1,173    28.96078    15.68352          1         56
       shall |      1,173    .2429668    .4290581          0          1
       lnvio |      1,173    6.027293    .6456943   3.850147   7.979955

. * summary for cases with shall-carry law enacted
. sum if shall==1

    Variable |        Obs        Mean    Std. Dev.       Min        Max
-------------+---------------------------------------------------------
        year |        285    92.44211    5.769729         77         99
         vio |        285    381.0509    266.5531       51.3     1244.3
         mur |        285     5.28386    3.618033         .2       20.3
         rob |        285     97.8986    87.77016        6.4      416.8
 incarc_rate |        285    239.9544    155.6074         26        736
-------------+---------------------------------------------------------
      pb1064 |        285     3.75055    3.353292   .2482066   12.89336
      pw1064 |        285     66.6026    7.186013   47.01833   76.52575
      pm1029 |        285    15.23391    1.472172   12.50534   18.69276
         pop |        285    3.663843    3.817328    .478447   20.04414
      avginc |        285    13.72462    1.822617   10.09219   18.73235
-------------+---------------------------------------------------------
     density |        285    .0827231    .0705628   .0010543   .2798534
     stateid |        285    34.14386    15.28106          2         56
       shall |        285           1           0          1          1
       lnvio |        285    5.691954    .7338722   3.937691   7.126328

. * summary for cases with shall-carry law not enacted
. sum if shall==0

    Variable |        Obs        Mean    Std. Dev.       Min        Max
-------------+---------------------------------------------------------
        year |        888    86.57432     6.25727         77         99
         vio |        888    542.2377    344.3485         47     2921.8
         mur |        888    8.429392    8.256901         .7       80.6
         rob |        888    182.3356    184.9716        6.4     1635.1
 incarc_rate |        888    222.2872    185.6191         19       1913
-------------+---------------------------------------------------------
      pb1064 |        888     5.84513     5.18383   .3591956   26.97957
      pw1064 |        888    61.77168      10.183   21.78043   73.39078
      pm1029 |        888    16.35304    1.722144   12.21368   22.35269
         pop |        888    5.186231     5.58735    .402753   33.14512
      avginc |        888    13.72485    2.749332   8.554884   23.64671
-------------+---------------------------------------------------------
     density |        888    .4384738    1.547665   .0007071   11.10212
     stateid |        888     27.2973    15.45439          1         56
       shall |        888           0           0          0          0
       lnvio |        888    6.134919    .5750774   3.850147   7.979955

. 
. *Bar graph of the mean of lnvio by year 
. egen Mean = mean(lnvio), by(year)

. 
. *Scatter plot of log of violent crime rate across time, separating laws enacted/non-enacted
. twoway (scatter lnvio year if shall==0, msymbol(X)) (scatter lnvio year/*
> */ if shall==1, msymbol(oh)), legend(label(1 laws not enacted) label(2 laws enacted))

. 
. *Bar graph of the mean of log of violent crime rate across time
. twoway(bar Mean year, color(ltblue)), ytitle('Mean ln(violent crime rate)')

. * Note that these plots cannot be imported into the Word file using asdoc codes,
. * so I just copied and pasted it into the Word file.
. 
. 
. ** Table 2
. 
. * Pooled SLR of ln(vio) on shall
. reg lnvio shall, robust

Linear regression                               Number of obs     =      1,173
                                                F(1, 1171)        =      86.86
                                                Prob > F          =     0.0000
                                                R-squared         =     0.0866
                                                Root MSE          =     .61735

------------------------------------------------------------------------------
             |               Robust
       lnvio |      Coef.   Std. Err.      t    P>|t|     [95% Conf. Interval]
-------------+----------------------------------------------------------------
       shall |  -.4429646   .0475283    -9.32   0.000    -.5362148   -.3497144
       _cons |   6.134919   .0193039   317.81   0.000     6.097045    6.172793
------------------------------------------------------------------------------

. 
. * MLR of ln(vio) on shall and control variables
. reg lnvio shall incarc_rate density avginc pop pb1064 pw1064 pm1029, robust

Linear regression                               Number of obs     =      1,173
                                                F(8, 1164)        =      95.67
                                                Prob > F          =     0.0000
                                                R-squared         =     0.5643
                                                Root MSE          =     .42769

------------------------------------------------------------------------------
             |               Robust
       lnvio |      Coef.   Std. Err.      t    P>|t|     [95% Conf. Interval]
-------------+----------------------------------------------------------------
       shall |  -.3683869   .0347879   -10.59   0.000     -.436641   -.3001329
 incarc_rate |   .0016126   .0001807     8.92   0.000     .0012581    .0019672
     density |   .0266885   .0143494     1.86   0.063    -.0014651     .054842
      avginc |   .0012051   .0072778     0.17   0.869     -.013074    .0154842
         pop |   .0427098   .0031466    13.57   0.000     .0365361    .0488836
      pb1064 |   .0808526   .0199924     4.04   0.000     .0416274    .1200778
      pw1064 |   .0312005   .0097271     3.21   0.001      .012116    .0502851
      pm1029 |   .0088709   .0120604     0.74   0.462    -.0147917    .0325334
       _cons |   2.981738   .6090198     4.90   0.000     1.786839    4.176638
------------------------------------------------------------------------------

. 
. * State fixed effect
. xtreg lnvio shall incarc_rate density avginc pop pb1064 pw1064 pm1029,/*
> */ fe cluster(stateid)

Fixed-effects (within) regression               Number of obs     =      1,173
Group variable: stateid                         Number of groups  =         51

R-sq:                                           Obs per group:
     within  = 0.2178                                         min =         23
     between = 0.0033                                         avg =       23.0
     overall = 0.0001                                         max =         23

                                                F(8,50)           =      34.10
corr(u_i, Xb)  = -0.3687                        Prob > F          =     0.0000

                               (Std. Err. adjusted for 51 clusters in stateid)
------------------------------------------------------------------------------
             |               Robust
       lnvio |      Coef.   Std. Err.      t    P>|t|     [95% Conf. Interval]
-------------+----------------------------------------------------------------
       shall |  -.0461415   .0417616    -1.10   0.275    -.1300223    .0377392
 incarc_rate |   -.000071   .0002504    -0.28   0.778    -.0005739    .0004318
     density |  -.1722901   .1376129    -1.25   0.216    -.4486936    .1041135
      avginc |  -.0092037   .0129649    -0.71   0.481    -.0352445     .016837
         pop |   .0115247    .014224     0.81   0.422    -.0170452    .0400945
      pb1064 |   .1042804   .0326849     3.19   0.002     .0386308    .1699301
      pw1064 |   .0408611   .0134585     3.04   0.004     .0138289    .0678932
      pm1029 |  -.0502725   .0206949    -2.43   0.019    -.0918394   -.0087057
       _cons |   3.866017   .7701057     5.02   0.000     2.319214    5.412819
-------------+----------------------------------------------------------------
     sigma_u |  .68024951
     sigma_e |  .16072287
         rho |  .94712779   (fraction of variance due to u_i)
------------------------------------------------------------------------------

. 
. * Both state and year fixed effects
. xtreg lnvio shall incarc_rate density avginc pop pb1064 pw1064 pm1029 i.year, fe cluster(stateid)

Fixed-effects (within) regression               Number of obs     =      1,173
Group variable: stateid                         Number of groups  =         51

R-sq:                                           Obs per group:
     within  = 0.4180                                         min =         23
     between = 0.0419                                         avg =       23.0
     overall = 0.0009                                         max =         23

                                                F(30,50)          =      56.86
corr(u_i, Xb)  = -0.2929                        Prob > F          =     0.0000

                               (Std. Err. adjusted for 51 clusters in stateid)
------------------------------------------------------------------------------
             |               Robust
       lnvio |      Coef.   Std. Err.      t    P>|t|     [95% Conf. Interval]
-------------+----------------------------------------------------------------
       shall |  -.0279935   .0407168    -0.69   0.495    -.1097757    .0537886
 incarc_rate |    .000076   .0002079     0.37   0.716    -.0003416    .0004935
     density |   -.091555   .1238622    -0.74   0.463    -.3403396    .1572296
      avginc |   .0009587   .0164931     0.06   0.954    -.0321688    .0340861
         pop |  -.0047544   .0152294    -0.31   0.756    -.0353436    .0258347
      pb1064 |   .0291862   .0495407     0.59   0.558    -.0703192    .1286916
      pw1064 |   .0092501   .0237564     0.39   0.699    -.0384659    .0569662
      pm1029 |   .0733254   .0524733     1.40   0.168    -.0320704    .1787211
             |
        year |
         78  |   .0585261   .0161556     3.62   0.001     .0260767    .0909755
         79  |   .1639486   .0244579     6.70   0.000     .1148233    .2130738
         80  |   .2170759   .0334184     6.50   0.000     .1499531    .2841987
         81  |   .2172551   .0391956     5.54   0.000     .1385284    .2959819
         82  |   .1946328   .0465743     4.18   0.000     .1010856      .28818
         83  |    .158645   .0593845     2.67   0.010     .0393676    .2779223
         84  |   .1929883   .0770021     2.51   0.015     .0383251    .3476515
         85  |   .2444764   .0922217     2.65   0.011     .0592438    .4297091
         86  |   .3240904   .1089181     2.98   0.004     .1053219    .5428589
         87  |    .324365   .1249881     2.60   0.012      .073319    .5754111
         88  |   .3867412   .1397074     2.77   0.008     .1061305    .6673518
         89  |   .4422143   .1535358     2.88   0.006     .1338286    .7505999
         90  |   .5430478   .1960859     2.77   0.008     .1491976     .936898
         91  |   .5959456   .2040685     2.92   0.005     .1860618    1.005829
         92  |   .6275171   .2170306     2.89   0.006     .1915982    1.063436
         93  |   .6497414   .2246177     2.89   0.006     .1985834    1.100899
         94  |   .6354187   .2332437     2.72   0.009     .1669349    1.103903
         95  |   .6276831   .2423607     2.59   0.013     .1408874    1.114479
         96  |   .5713423   .2534067     2.25   0.029       .06236    1.080325
         97  |   .5501153   .2613516     2.10   0.040     .0251751    1.075055
         98  |   .4932904   .2746546     1.80   0.079    -.0583697     1.04495
         99  |   .4328776   .2862197     1.51   0.137    -.1420117    1.007767
             |
       _cons |   3.765525   1.152108     3.27   0.002     1.451448    6.079603
-------------+----------------------------------------------------------------
     sigma_u |   .6663043
     sigma_e |   .1400264
         rho |  .95770338   (fraction of variance due to u_i)
------------------------------------------------------------------------------

. 
. 
. ** Word tables
. 
. *Table 1
. asdoc summarize, fs(12) dec(2) title(Table1) replace

    Variable |        Obs        Mean    Std. Dev.       Min        Max
-------------+---------------------------------------------------------
        year |      1,173          88    6.636079         77         99
         vio |      1,173    503.0747    334.2772         47     2921.8
         mur |      1,173    7.665132     7.52271         .2       80.6
         rob |      1,173    161.8202      170.51        6.4     1635.1
 incarc_rate |      1,173    226.5797    178.8881         19       1913
-------------+---------------------------------------------------------
      pb1064 |      1,173    5.336217    4.885688   .2482066   26.97957
      pw1064 |      1,173    62.94543    9.761527   21.78043   76.52575
      pm1029 |      1,173    16.08113    1.732143   12.21368   22.35269
         pop |      1,173    4.816341    5.252115    .402753   33.14512
      avginc |      1,173     13.7248    2.554543   8.554884   23.64671
-------------+---------------------------------------------------------
     density |      1,173    .3520382    1.355472   .0007071   11.10212
     stateid |      1,173    28.96078    15.68352          1         56
       shall |      1,173    .2429668    .4290581          0          1
       lnvio |      1,173    6.027293    .6456943   3.850147   7.979955
        Mean |      1,173    6.027293    .1096812   5.820357   6.207126

    Variable |        Obs        Mean    Std. Dev.       Min        Max
-------------+---------------------------------------------------------
        year |      1,173          88    6.636079         77         99

    Variable |        Obs        Mean    Std. Dev.       Min        Max
-------------+---------------------------------------------------------
         vio |      1,173    503.0747    334.2772         47     2921.8

    Variable |        Obs        Mean    Std. Dev.       Min        Max
-------------+---------------------------------------------------------
         mur |      1,173    7.665132     7.52271         .2       80.6

    Variable |        Obs        Mean    Std. Dev.       Min        Max
-------------+---------------------------------------------------------
         rob |      1,173    161.8202      170.51        6.4     1635.1

    Variable |        Obs        Mean    Std. Dev.       Min        Max
-------------+---------------------------------------------------------
 incarc_rate |      1,173    226.5797    178.8881         19       1913

    Variable |        Obs        Mean    Std. Dev.       Min        Max
-------------+---------------------------------------------------------
      pb1064 |      1,173    5.336217    4.885688   .2482066   26.97957

    Variable |        Obs        Mean    Std. Dev.       Min        Max
-------------+---------------------------------------------------------
      pw1064 |      1,173    62.94543    9.761527   21.78043   76.52575

    Variable |        Obs        Mean    Std. Dev.       Min        Max
-------------+---------------------------------------------------------
      pm1029 |      1,173    16.08113    1.732143   12.21368   22.35269

    Variable |        Obs        Mean    Std. Dev.       Min        Max
-------------+---------------------------------------------------------
         pop |      1,173    4.816341    5.252115    .402753   33.14512

    Variable |        Obs        Mean    Std. Dev.       Min        Max
-------------+---------------------------------------------------------
      avginc |      1,173     13.7248    2.554543   8.554884   23.64671

    Variable |        Obs        Mean    Std. Dev.       Min        Max
-------------+---------------------------------------------------------
     density |      1,173    .3520382    1.355472   .0007071   11.10212

    Variable |        Obs        Mean    Std. Dev.       Min        Max
-------------+---------------------------------------------------------
     stateid |      1,173    28.96078    15.68352          1         56

    Variable |        Obs        Mean    Std. Dev.       Min        Max
-------------+---------------------------------------------------------
       shall |      1,173    .2429668    .4290581          0          1

    Variable |        Obs        Mean    Std. Dev.       Min        Max
-------------+---------------------------------------------------------
       lnvio |      1,173    6.027293    .6456943   3.850147   7.979955

    Variable |        Obs        Mean    Std. Dev.       Min        Max
-------------+---------------------------------------------------------
        Mean |      1,173    6.027293    .1096812   5.820357   6.207126
Click to Open File:  Myfile.doc

. 
. * summary for cases with shall-carry law enacted
. asdoc sum if shall==1, title(Table 1.b [law enacted])
(File Myfile.doc already exists, option append was assumed)

    Variable |        Obs        Mean    Std. Dev.       Min        Max
-------------+---------------------------------------------------------
        year |        285    92.44211    5.769729         77         99
         vio |        285    381.0509    266.5531       51.3     1244.3
         mur |        285     5.28386    3.618033         .2       20.3
         rob |        285     97.8986    87.77016        6.4      416.8
 incarc_rate |        285    239.9544    155.6074         26        736
-------------+---------------------------------------------------------
      pb1064 |        285     3.75055    3.353292   .2482066   12.89336
      pw1064 |        285     66.6026    7.186013   47.01833   76.52575
      pm1029 |        285    15.23391    1.472172   12.50534   18.69276
         pop |        285    3.663843    3.817328    .478447   20.04414
      avginc |        285    13.72462    1.822617   10.09219   18.73235
-------------+---------------------------------------------------------
     density |        285    .0827231    .0705628   .0010543   .2798534
     stateid |        285    34.14386    15.28106          2         56
       shall |        285           1           0          1          1
       lnvio |        285    5.691954    .7338722   3.937691   7.126328
        Mean |        285    6.070703    .0982015   5.820357   6.207126

    Variable |        Obs        Mean    Std. Dev.       Min        Max
-------------+---------------------------------------------------------
        year |        285    92.44211    5.769729         77         99

    Variable |        Obs        Mean    Std. Dev.       Min        Max
-------------+---------------------------------------------------------
         vio |        285    381.0509    266.5531       51.3     1244.3

    Variable |        Obs        Mean    Std. Dev.       Min        Max
-------------+---------------------------------------------------------
         mur |        285     5.28386    3.618033         .2       20.3

    Variable |        Obs        Mean    Std. Dev.       Min        Max
-------------+---------------------------------------------------------
         rob |        285     97.8986    87.77016        6.4      416.8

    Variable |        Obs        Mean    Std. Dev.       Min        Max
-------------+---------------------------------------------------------
 incarc_rate |        285    239.9544    155.6074         26        736

    Variable |        Obs        Mean    Std. Dev.       Min        Max
-------------+---------------------------------------------------------
      pb1064 |        285     3.75055    3.353292   .2482066   12.89336

    Variable |        Obs        Mean    Std. Dev.       Min        Max
-------------+---------------------------------------------------------
      pw1064 |        285     66.6026    7.186013   47.01833   76.52575

    Variable |        Obs        Mean    Std. Dev.       Min        Max
-------------+---------------------------------------------------------
      pm1029 |        285    15.23391    1.472172   12.50534   18.69276

    Variable |        Obs        Mean    Std. Dev.       Min        Max
-------------+---------------------------------------------------------
         pop |        285    3.663843    3.817328    .478447   20.04414

    Variable |        Obs        Mean    Std. Dev.       Min        Max
-------------+---------------------------------------------------------
      avginc |        285    13.72462    1.822617   10.09219   18.73235

    Variable |        Obs        Mean    Std. Dev.       Min        Max
-------------+---------------------------------------------------------
     density |        285    .0827231    .0705628   .0010543   .2798534

    Variable |        Obs        Mean    Std. Dev.       Min        Max
-------------+---------------------------------------------------------
     stateid |        285    34.14386    15.28106          2         56

    Variable |        Obs        Mean    Std. Dev.       Min        Max
-------------+---------------------------------------------------------
       shall |        285           1           0          1          1

    Variable |        Obs        Mean    Std. Dev.       Min        Max
-------------+---------------------------------------------------------
       lnvio |        285    5.691954    .7338722   3.937691   7.126328

    Variable |        Obs        Mean    Std. Dev.       Min        Max
-------------+---------------------------------------------------------
        Mean |        285    6.070703    .0982015   5.820357   6.207126
Click to Open File:  Myfile.doc

. 
. * summary for cases with shall-carry law not enacted
. asdoc sum if shall==0, title(Table 1.c [law not enacted])
(File Myfile.doc already exists, option append was assumed)

    Variable |        Obs        Mean    Std. Dev.       Min        Max
-------------+---------------------------------------------------------
        year |        888    86.57432     6.25727         77         99
         vio |        888    542.2377    344.3485         47     2921.8
         mur |        888    8.429392    8.256901         .7       80.6
         rob |        888    182.3356    184.9716        6.4     1635.1
 incarc_rate |        888    222.2872    185.6191         19       1913
-------------+---------------------------------------------------------
      pb1064 |        888     5.84513     5.18383   .3591956   26.97957
      pw1064 |        888    61.77168      10.183   21.78043   73.39078
      pm1029 |        888    16.35304    1.722144   12.21368   22.35269
         pop |        888    5.186231     5.58735    .402753   33.14512
      avginc |        888    13.72485    2.749332   8.554884   23.64671
-------------+---------------------------------------------------------
     density |        888    .4384738    1.547665   .0007071   11.10212
     stateid |        888     27.2973    15.45439          1         56
       shall |        888           0           0          0          0
       lnvio |        888    6.134919    .5750774   3.850147   7.979955
        Mean |        888    6.013361    .1095802   5.820357   6.207126

    Variable |        Obs        Mean    Std. Dev.       Min        Max
-------------+---------------------------------------------------------
        year |        888    86.57432     6.25727         77         99

    Variable |        Obs        Mean    Std. Dev.       Min        Max
-------------+---------------------------------------------------------
         vio |        888    542.2377    344.3485         47     2921.8

    Variable |        Obs        Mean    Std. Dev.       Min        Max
-------------+---------------------------------------------------------
         mur |        888    8.429392    8.256901         .7       80.6

    Variable |        Obs        Mean    Std. Dev.       Min        Max
-------------+---------------------------------------------------------
         rob |        888    182.3356    184.9716        6.4     1635.1

    Variable |        Obs        Mean    Std. Dev.       Min        Max
-------------+---------------------------------------------------------
 incarc_rate |        888    222.2872    185.6191         19       1913

    Variable |        Obs        Mean    Std. Dev.       Min        Max
-------------+---------------------------------------------------------
      pb1064 |        888     5.84513     5.18383   .3591956   26.97957

    Variable |        Obs        Mean    Std. Dev.       Min        Max
-------------+---------------------------------------------------------
      pw1064 |        888    61.77168      10.183   21.78043   73.39078

    Variable |        Obs        Mean    Std. Dev.       Min        Max
-------------+---------------------------------------------------------
      pm1029 |        888    16.35304    1.722144   12.21368   22.35269

    Variable |        Obs        Mean    Std. Dev.       Min        Max
-------------+---------------------------------------------------------
         pop |        888    5.186231     5.58735    .402753   33.14512

    Variable |        Obs        Mean    Std. Dev.       Min        Max
-------------+---------------------------------------------------------
      avginc |        888    13.72485    2.749332   8.554884   23.64671

    Variable |        Obs        Mean    Std. Dev.       Min        Max
-------------+---------------------------------------------------------
     density |        888    .4384738    1.547665   .0007071   11.10212

    Variable |        Obs        Mean    Std. Dev.       Min        Max
-------------+---------------------------------------------------------
     stateid |        888     27.2973    15.45439          1         56

    Variable |        Obs        Mean    Std. Dev.       Min        Max
-------------+---------------------------------------------------------
       shall |        888           0           0          0          0

    Variable |        Obs        Mean    Std. Dev.       Min        Max
-------------+---------------------------------------------------------
       lnvio |        888    6.134919    .5750774   3.850147   7.979955

    Variable |        Obs        Mean    Std. Dev.       Min        Max
-------------+---------------------------------------------------------
        Mean |        888    6.013361    .1095802   5.820357   6.207126
Click to Open File:  Myfile.doc

. 
. *Table 2 
. asdoc reg lnvio shall, robust, nest reset fs(12) title(Table2：Regression /*
> */Analysis of the log of the violent crime rate and shall-issue laws)
(File Myfile.doc already exists, option append was assumed)

Linear regression                               Number of obs     =      1,173
                                                F(1, 1171)        =      86.86
                                                Prob > F          =     0.0000
                                                R-squared         =     0.0866
                                                Root MSE          =     .61735

------------------------------------------------------------------------------
             |               Robust
       lnvio |      Coef.   Std. Err.      t    P>|t|     [95% Conf. Interval]
-------------+----------------------------------------------------------------
       shall |  -.4429646   .0475283    -9.32   0.000    -.5362148   -.3497144
       _cons |   6.134919   .0193039   317.81   0.000     6.097045    6.172793
------------------------------------------------------------------------------
  
Click to Open File:  Myfile.doc

. 
. asdoc reg lnvio shall incarc_rate density avginc pop pb1064 pw1064 /*
> */ pm1029, robust, nest append fs(12) 

Linear regression                               Number of obs     =      1,173
                                                F(8, 1164)        =      95.67
                                                Prob > F          =     0.0000
                                                R-squared         =     0.5643
                                                Root MSE          =     .42769

------------------------------------------------------------------------------
             |               Robust
       lnvio |      Coef.   Std. Err.      t    P>|t|     [95% Conf. Interval]
-------------+----------------------------------------------------------------
       shall |  -.3683869   .0347879   -10.59   0.000     -.436641   -.3001329
 incarc_rate |   .0016126   .0001807     8.92   0.000     .0012581    .0019672
     density |   .0266885   .0143494     1.86   0.063    -.0014651     .054842
      avginc |   .0012051   .0072778     0.17   0.869     -.013074    .0154842
         pop |   .0427098   .0031466    13.57   0.000     .0365361    .0488836
      pb1064 |   .0808526   .0199924     4.04   0.000     .0416274    .1200778
      pw1064 |   .0312005   .0097271     3.21   0.001      .012116    .0502851
      pm1029 |   .0088709   .0120604     0.74   0.462    -.0147917    .0325334
       _cons |   2.981738   .6090198     4.90   0.000     1.786839    4.176638
------------------------------------------------------------------------------
  
Click to Open File:  Myfile.doc

. 
. asdoc xtreg lnvio shall incarc_rate density avginc pop pb1064 pw1064 pm1029,/*
> */ fe cluster(stateid) nest append keep(shall incarc_rate density avginc pop /*
> */ pb1064 pw1064 pm1029) fs(12) 

Fixed-effects (within) regression               Number of obs     =      1,173
Group variable: stateid                         Number of groups  =         51

R-sq:                                           Obs per group:
     within  = 0.2178                                         min =         23
     between = 0.0033                                         avg =       23.0
     overall = 0.0001                                         max =         23

                                                F(8,50)           =      34.10
corr(u_i, Xb)  = -0.3687                        Prob > F          =     0.0000

                               (Std. Err. adjusted for 51 clusters in stateid)
------------------------------------------------------------------------------
             |               Robust
       lnvio |      Coef.   Std. Err.      t    P>|t|     [95% Conf. Interval]
-------------+----------------------------------------------------------------
       shall |  -.0461415   .0417616    -1.10   0.275    -.1300223    .0377392
 incarc_rate |   -.000071   .0002504    -0.28   0.778    -.0005739    .0004318
     density |  -.1722901   .1376129    -1.25   0.216    -.4486936    .1041135
      avginc |  -.0092037   .0129649    -0.71   0.481    -.0352445     .016837
         pop |   .0115247    .014224     0.81   0.422    -.0170452    .0400945
      pb1064 |   .1042804   .0326849     3.19   0.002     .0386308    .1699301
      pw1064 |   .0408611   .0134585     3.04   0.004     .0138289    .0678932
      pm1029 |  -.0502725   .0206949    -2.43   0.019    -.0918394   -.0087057
       _cons |   3.866017   .7701057     5.02   0.000     2.319214    5.412819
-------------+----------------------------------------------------------------
     sigma_u |  .68024951
     sigma_e |  .16072287
         rho |  .94712779   (fraction of variance due to u_i)
------------------------------------------------------------------------------
  
Click to Open File:  Myfile.doc

. 
. asdoc xtreg lnvio shall incarc_rate density avginc pop pb1064 pw1064 pm1029 /*
> */ i.year, fe cluster(stateid), nest append keep(shall incarc_rate density /*
> */ avginc pop pb1064 pw1064 pm1029) fs(12)

Fixed-effects (within) regression               Number of obs     =      1,173
Group variable: stateid                         Number of groups  =         51

R-sq:                                           Obs per group:
     within  = 0.4180                                         min =         23
     between = 0.0419                                         avg =       23.0
     overall = 0.0009                                         max =         23

                                                F(30,50)          =      56.86
corr(u_i, Xb)  = -0.2929                        Prob > F          =     0.0000

                               (Std. Err. adjusted for 51 clusters in stateid)
------------------------------------------------------------------------------
             |               Robust
       lnvio |      Coef.   Std. Err.      t    P>|t|     [95% Conf. Interval]
-------------+----------------------------------------------------------------
       shall |  -.0279935   .0407168    -0.69   0.495    -.1097757    .0537886
 incarc_rate |    .000076   .0002079     0.37   0.716    -.0003416    .0004935
     density |   -.091555   .1238622    -0.74   0.463    -.3403396    .1572296
      avginc |   .0009587   .0164931     0.06   0.954    -.0321688    .0340861
         pop |  -.0047544   .0152294    -0.31   0.756    -.0353436    .0258347
      pb1064 |   .0291862   .0495407     0.59   0.558    -.0703192    .1286916
      pw1064 |   .0092501   .0237564     0.39   0.699    -.0384659    .0569662
      pm1029 |   .0733254   .0524733     1.40   0.168    -.0320704    .1787211
             |
        year |
         78  |   .0585261   .0161556     3.62   0.001     .0260767    .0909755
         79  |   .1639486   .0244579     6.70   0.000     .1148233    .2130738
         80  |   .2170759   .0334184     6.50   0.000     .1499531    .2841987
         81  |   .2172551   .0391956     5.54   0.000     .1385284    .2959819
         82  |   .1946328   .0465743     4.18   0.000     .1010856      .28818
         83  |    .158645   .0593845     2.67   0.010     .0393676    .2779223
         84  |   .1929883   .0770021     2.51   0.015     .0383251    .3476515
         85  |   .2444764   .0922217     2.65   0.011     .0592438    .4297091
         86  |   .3240904   .1089181     2.98   0.004     .1053219    .5428589
         87  |    .324365   .1249881     2.60   0.012      .073319    .5754111
         88  |   .3867412   .1397074     2.77   0.008     .1061305    .6673518
         89  |   .4422143   .1535358     2.88   0.006     .1338286    .7505999
         90  |   .5430478   .1960859     2.77   0.008     .1491976     .936898
         91  |   .5959456   .2040685     2.92   0.005     .1860618    1.005829
         92  |   .6275171   .2170306     2.89   0.006     .1915982    1.063436
         93  |   .6497414   .2246177     2.89   0.006     .1985834    1.100899
         94  |   .6354187   .2332437     2.72   0.009     .1669349    1.103903
         95  |   .6276831   .2423607     2.59   0.013     .1408874    1.114479
         96  |   .5713423   .2534067     2.25   0.029       .06236    1.080325
         97  |   .5501153   .2613516     2.10   0.040     .0251751    1.075055
         98  |   .4932904   .2746546     1.80   0.079    -.0583697     1.04495
         99  |   .4328776   .2862197     1.51   0.137    -.1420117    1.007767
             |
       _cons |   3.765525   1.152108     3.27   0.002     1.451448    6.079603
-------------+----------------------------------------------------------------
     sigma_u |   .6663043
     sigma_e |   .1400264
         rho |  .95770338   (fraction of variance due to u_i)
------------------------------------------------------------------------------
  
Click to Open File:  Myfile.doc

. 
. asdoc sum vio lnvio, detail
(File Myfile.doc already exists, option append was assumed)

Descriptive Statistics

-----------------------------------------------------------------------------------------------------------------
             |       Obs       Mean    Std_Dev        Min        Max         p1        p99       Skew       Kurt 
-------------+---------------------------------------------------------------------------------------------------
         vio |      1173    503.075    334.277         47     2921.8       66.9     2010.6      2.538     14.878 
       lnvio |      1173      6.027       .646       3.85       7.98      4.203      7.606      -.427      3.487 
-----------------------------------------------------------------------------------------------------------------
Click to Open File:  Myfile.doc

. 
. *Other statistics: F-Statistics and p-values and R-squared, etc. have been 
. *manually added into the Word file
. 
. 
. log close  
      name:  <unnamed>
       log:  D:\2020 Fall\ECO375\A2\A2_log.log
  log type:  text
 closed on:  18 Dec 2020, 01:10:03
---------------------------------------------------------------------------------------------------------------------------------------------------------------------
